Line 104: Class MSComCtl2.DTPicker of control stDT_TM was not a loaded control class.
Line 120: Class MSComCtl2.DTPicker of control stDt was not a loaded control class.
Line 132: Class MSComCtl2.DTPicker of control edDT_TM was not a loaded control class.
Line 148: Class MSComCtl2.DTPicker of control edDt was not a loaded control class.
Line 112: The property name _ExtentX in stDT_TM is invalid.
Line 113: The property name _ExtentY in stDT_TM is invalid.
Line 114: The property name _Version in stDT_TM is invalid.
Line 115: The property name CustomFormat in stDT_TM is invalid.
Line 116: The property name Format in stDT_TM is invalid.
Line 117: The property name UpDown in stDT_TM is invalid.
Line 118: The property name CurrentDate in stDT_TM is invalid.
Line 126: The property name _ExtentX in stDt is invalid.
Line 127: The property name _ExtentY in stDt is invalid.
Line 128: The property name _Version in stDt is invalid.
Line 129: The property name Format in stDt is invalid.
Line 130: The property name CurrentDate in stDt is invalid.
Line 140: The property name _ExtentX in edDT_TM is invalid.
Line 141: The property name _ExtentY in edDT_TM is invalid.
Line 142: The property name _Version in edDT_TM is invalid.
Line 143: The property name CustomFormat in edDT_TM is invalid.
Line 144: The property name Format in edDT_TM is invalid.
Line 145: The property name UpDown in edDT_TM is invalid.
Line 146: The property name CurrentDate in edDT_TM is invalid.
Line 154: The property name _ExtentX in edDt is invalid.
Line 155: The property name _ExtentY in edDt is invalid.
Line 156: The property name _Version in edDt is invalid.
Line 157: The property name Format in edDt is invalid.
Line 158: The property name CurrentDate in edDt is invalid.
