Line 39: Class MSDataGridLib.DataGrid of control DataGrid1 was not a loaded control class.
Line 175: Class MSAdodcLib.Adodc of control Adodc5 was not a loaded control class.
Line 222: Class MSAdodcLib.Adodc of control Adodc4 was not a loaded control class.
Line 269: Class MSAdodcLib.Adodc of control Adodc3 was not a loaded control class.
Line 316: Class MSAdodcLib.Adodc of control Adodc2 was not a loaded control class.
Line 363: Class MSAdodcLib.Adodc of control Adodc1 was not a loaded control class.
Line 19: Property List in txtM_Name could not be set.
Line 29: Property List in txtType could not be set.
Line 29: Property ItemData in txtType could not be set.
Line 40: The property name Bindings in DataGrid1 is invalid.
Line 47: The property name _ExtentX in DataGrid1 is invalid.
Line 48: The property name _ExtentY in DataGrid1 is invalid.
Line 49: The property name _Version in DataGrid1 is invalid.
Line 51: The property name ColumnHeaders in DataGrid1 is invalid.
Line 52: The property name HeadLines in DataGrid1 is invalid.
Line 53: The property name RowHeight in DataGrid1 is invalid.
Line 54: The property name FormatLocked in DataGrid1 is invalid.
Line 63: The property name HeadFont in DataGrid1 is invalid.
Line 73: The property name ColumnCount in DataGrid1 is invalid.
Line 86: The property name Column00 in DataGrid1 is invalid.
Line 99: The property name Column01 in DataGrid1 is invalid.
Line 112: The property name Column02 in DataGrid1 is invalid.
Line 125: The property name Column03 in DataGrid1 is invalid.
Line 138: The property name Column04 in DataGrid1 is invalid.
Line 151: The property name Column05 in DataGrid1 is invalid.
Line 152: The property name SplitCount in DataGrid1 is invalid.
Line 173: The property name Split0 in DataGrid1 is invalid.
Line 181: The property name _ExtentX in Adodc5 is invalid.
Line 182: The property name _ExtentY in Adodc5 is invalid.
Line 183: The property name ConnectMode in Adodc5 is invalid.
Line 184: The property name CursorLocation in Adodc5 is invalid.
Line 185: The property name IsolationLevel in Adodc5 is invalid.
Line 186: The property name ConnectionTimeout in Adodc5 is invalid.
Line 187: The property name CommandTimeout in Adodc5 is invalid.
Line 188: The property name CursorType in Adodc5 is invalid.
Line 189: The property name LockType in Adodc5 is invalid.
Line 190: The property name CommandType in Adodc5 is invalid.
Line 191: The property name CursorOptions in Adodc5 is invalid.
Line 192: The property name CacheSize in Adodc5 is invalid.
Line 193: The property name MaxRecords in Adodc5 is invalid.
Line 194: The property name BOFAction in Adodc5 is invalid.
Line 195: The property name EOFAction in Adodc5 is invalid.
Line 196: The property name ConnectStringType in Adodc5 is invalid.
Line 200: The property name Orientation in Adodc5 is invalid.
Line 202: The property name Connect in Adodc5 is invalid.
Line 203: The property name OLEDBString in Adodc5 is invalid.
Line 204: The property name OLEDBFile in Adodc5 is invalid.
Line 205: The property name DataSourceName in Adodc5 is invalid.
Line 206: The property name OtherAttributes in Adodc5 is invalid.
Line 207: The property name UserName in Adodc5 is invalid.
Line 208: The property name Password in Adodc5 is invalid.
Line 209: The property name RecordSource in Adodc5 is invalid.
Line 210: The property name Caption in Adodc5 is invalid.
Line 220: The property name _Version in Adodc5 is invalid.
Line 228: The property name _ExtentX in Adodc4 is invalid.
Line 229: The property name _ExtentY in Adodc4 is invalid.
Line 230: The property name ConnectMode in Adodc4 is invalid.
Line 231: The property name CursorLocation in Adodc4 is invalid.
Line 232: The property name IsolationLevel in Adodc4 is invalid.
Line 233: The property name ConnectionTimeout in Adodc4 is invalid.
Line 234: The property name CommandTimeout in Adodc4 is invalid.
Line 235: The property name CursorType in Adodc4 is invalid.
Line 236: The property name LockType in Adodc4 is invalid.
Line 237: The property name CommandType in Adodc4 is invalid.
Line 238: The property name CursorOptions in Adodc4 is invalid.
Line 239: The property name CacheSize in Adodc4 is invalid.
Line 240: The property name MaxRecords in Adodc4 is invalid.
Line 241: The property name BOFAction in Adodc4 is invalid.
Line 242: The property name EOFAction in Adodc4 is invalid.
Line 243: The property name ConnectStringType in Adodc4 is invalid.
Line 247: The property name Orientation in Adodc4 is invalid.
Line 249: The property name Connect in Adodc4 is invalid.
Line 250: The property name OLEDBString in Adodc4 is invalid.
Line 251: The property name OLEDBFile in Adodc4 is invalid.
Line 252: The property name DataSourceName in Adodc4 is invalid.
Line 253: The property name OtherAttributes in Adodc4 is invalid.
Line 254: The property name UserName in Adodc4 is invalid.
Line 255: The property name Password in Adodc4 is invalid.
Line 256: The property name RecordSource in Adodc4 is invalid.
Line 257: The property name Caption in Adodc4 is invalid.
Line 267: The property name _Version in Adodc4 is invalid.
Line 275: The property name _ExtentX in Adodc3 is invalid.
Line 276: The property name _ExtentY in Adodc3 is invalid.
Line 277: The property name ConnectMode in Adodc3 is invalid.
Line 278: The property name CursorLocation in Adodc3 is invalid.
Line 279: The property name IsolationLevel in Adodc3 is invalid.
Line 280: The property name ConnectionTimeout in Adodc3 is invalid.
Line 281: The property name CommandTimeout in Adodc3 is invalid.
Line 282: The property name CursorType in Adodc3 is invalid.
Line 283: The property name LockType in Adodc3 is invalid.
Line 284: The property name CommandType in Adodc3 is invalid.
Line 285: The property name CursorOptions in Adodc3 is invalid.
Line 286: The property name CacheSize in Adodc3 is invalid.
Line 287: The property name MaxRecords in Adodc3 is invalid.
Line 288: The property name BOFAction in Adodc3 is invalid.
Line 289: The property name EOFAction in Adodc3 is invalid.
Line 290: The property name ConnectStringType in Adodc3 is invalid.
Line 294: The property name Orientation in Adodc3 is invalid.
Line 296: The property name Connect in Adodc3 is invalid.
Line 297: The property name OLEDBString in Adodc3 is invalid.
Line 298: The property name OLEDBFile in Adodc3 is invalid.
Line 299: The property name DataSourceName in Adodc3 is invalid.
Line 300: The property name OtherAttributes in Adodc3 is invalid.
Line 301: The property name UserName in Adodc3 is invalid.
Line 302: The property name Password in Adodc3 is invalid.
Line 303: The property name RecordSource in Adodc3 is invalid.
Line 304: The property name Caption in Adodc3 is invalid.
Line 314: The property name _Version in Adodc3 is invalid.
Line 322: The property name _ExtentX in Adodc2 is invalid.
Line 323: The property name _ExtentY in Adodc2 is invalid.
Line 324: The property name ConnectMode in Adodc2 is invalid.
Line 325: The property name CursorLocation in Adodc2 is invalid.
Line 326: The property name IsolationLevel in Adodc2 is invalid.
Line 327: The property name ConnectionTimeout in Adodc2 is invalid.
Line 328: The property name CommandTimeout in Adodc2 is invalid.
Line 329: The property name CursorType in Adodc2 is invalid.
Line 330: The property name LockType in Adodc2 is invalid.
Line 331: The property name CommandType in Adodc2 is invalid.
Line 332: The property name CursorOptions in Adodc2 is invalid.
Line 333: The property name CacheSize in Adodc2 is invalid.
Line 334: The property name MaxRecords in Adodc2 is invalid.
Line 335: The property name BOFAction in Adodc2 is invalid.
Line 336: The property name EOFAction in Adodc2 is invalid.
Line 337: The property name ConnectStringType in Adodc2 is invalid.
Line 341: The property name Orientation in Adodc2 is invalid.
Line 343: The property name Connect in Adodc2 is invalid.
Line 344: The property name OLEDBString in Adodc2 is invalid.
Line 345: The property name OLEDBFile in Adodc2 is invalid.
Line 346: The property name DataSourceName in Adodc2 is invalid.
Line 347: The property name OtherAttributes in Adodc2 is invalid.
Line 348: The property name UserName in Adodc2 is invalid.
Line 349: The property name Password in Adodc2 is invalid.
Line 350: The property name RecordSource in Adodc2 is invalid.
Line 351: The property name Caption in Adodc2 is invalid.
Line 361: The property name _Version in Adodc2 is invalid.
Line 369: The property name _ExtentX in Adodc1 is invalid.
Line 370: The property name _ExtentY in Adodc1 is invalid.
Line 371: The property name ConnectMode in Adodc1 is invalid.
Line 372: The property name CursorLocation in Adodc1 is invalid.
Line 373: The property name IsolationLevel in Adodc1 is invalid.
Line 374: The property name ConnectionTimeout in Adodc1 is invalid.
Line 375: The property name CommandTimeout in Adodc1 is invalid.
Line 376: The property name CursorType in Adodc1 is invalid.
Line 377: The property name LockType in Adodc1 is invalid.
Line 378: The property name CommandType in Adodc1 is invalid.
Line 379: The property name CursorOptions in Adodc1 is invalid.
Line 380: The property name CacheSize in Adodc1 is invalid.
Line 381: The property name MaxRecords in Adodc1 is invalid.
Line 382: The property name BOFAction in Adodc1 is invalid.
Line 383: The property name EOFAction in Adodc1 is invalid.
Line 384: The property name ConnectStringType in Adodc1 is invalid.
Line 388: The property name Orientation in Adodc1 is invalid.
Line 390: The property name Connect in Adodc1 is invalid.
Line 391: The property name OLEDBString in Adodc1 is invalid.
Line 392: The property name OLEDBFile in Adodc1 is invalid.
Line 393: The property name DataSourceName in Adodc1 is invalid.
Line 394: The property name OtherAttributes in Adodc1 is invalid.
Line 395: The property name UserName in Adodc1 is invalid.
Line 396: The property name Password in Adodc1 is invalid.
Line 397: The property name RecordSource in Adodc1 is invalid.
Line 398: The property name Caption in Adodc1 is invalid.
Line 408: The property name _Version in Adodc1 is invalid.
